1355115435312|-1||debug||com.p6spy.engine.common.P6SpyOptions reloading properties
1355115435328|-1||info||Using properties file: F:\workspace\ssh\target\classes\spy.properties
1355115435328|-1||info||No value in environment for: getAppender, using: com.p6spy.engine.logging.appender.Log4jLogger
1355115435328|-1||info||No value in environment for: getRealDataSource, using: null
1355115435328|-1||info||No value in environment for: getJNDIContextFactory, using: null
1355115435328|-1||info||No value in environment for: getJNDIContextProviderURL, using: null
1355115435328|-1||info||No value in environment for: getJNDIContextCustom, using: null
1355115435328|-1||info||No value in environment for: getRealDataSourceProperties, using: null
1355115435328|-1||info||No value in environment for: getDeregisterDrivers, using: false
1355115435328|-1||info||No value in environment for: getUsePrefix, using: false
1355115435328|-1||info||No value in environment for: getExecutionThreshold, using: 0
1355115435328|-1||info||No value in environment for: getAutoflush, using: true
1355115435328|-1||info||No value in environment for: getExclude, using: 
1355115435328|-1||info||No value in environment for: getExcludecategories, using: 
1355115435328|-1||info||No value in environment for: getInclude, using: 
1355115435328|-1||info||No value in environment for: getIncludecategories, using: 
1355115435328|-1||info||No value in environment for: getLogfile, using: c:\mes-logs\mes-hotrolling-app-spy.log
1355115435328|-1||info||No value in environment for: getRealdriver, using: com.mysql.jdbc.Driver
1355115435328|-1||info||No value in environment for: getRealdriver2, using: 
1355115435328|-1||info||No value in environment for: getRealdriver3, using: 
1355115435328|-1||info||No value in environment for: getAppend, using: true
1355115435328|-1||info||No value in environment for: getSpydriver, using: com.p6spy.engine.spy.P6SpyDriver
1355115435328|-1||info||No value in environment for: getDateformat, using: 
1355115435328|-1||info||No value in environment for: getDateformatter, using: null
1355115435328|-1||info||No value in environment for: getStringmatcher, using: com.p6spy.engine.common.SubstringMatcher
1355115435328|-1||info||No value in environment for: getStringMatcherEngine, using: com.p6spy.engine.common.SubstringMatcher@1f0b7d3
1355115435328|-1||info||No value in environment for: getStackTraceClass, using: 
1355115435328|-1||info||No value in environment for: getSQLExpression, using: null
1355115435328|-1||info||No value in environment for: getReloadProperties, using: false
1355115435328|-1||info||No value in environment for: getReloadPropertiesInterval, using: 10
1355115435328|-1||info||No value in environment for: getRealDataSourceClass, using: null
1355115435328|-1||info||No value in environment for: getStackTrace, using: false
1355115435328|-1||info||No value in environment for: getFilter, using: false
